--------------------------------------------------------------------------------
Release 14.6 Trace  (nt64)
Copyright (c) 1995-2013 Xilinx, Inc.  All rights reserved.

C:\Xilinx\14.6\ISE_DS\ISE\bin\nt64\unwrapped\trce.exe -intstyle ise -v 3 -s 3
-n 3 -fastpaths -xml segment.twx segment.ncd -o segment.twr segment.pcf -ucf
segment.ucf

Design file:              segment.ncd
Physical constraint file: segment.pcf
Device,package,speed:     xc6slx16,csg324,C,-3 (PRODUCTION 1.23 2013-06-08)
Report level:             verbose report

Environment Variable      Effect 
--------------------      ------ 
NONE                      No environment variables were set
--------------------------------------------------------------------------------

INFO:Timing:2698 - No timing constraints found, doing default enumeration.
INFO:Timing:3412 - To improve timing, see the Timing Closure User Guide (UG612).
INFO:Timing:2752 - To get complete path coverage, use the unconstrained paths 
   option. All paths that are not constrained will be reported in the 
   unconstrained paths section(s) of the report.
INFO:Timing:3339 - The clock-to-out numbers in this timing report are based on 
   a 50 Ohm transmission line loading model.  For the details of this model, 
   and for more information on accounting for different loading conditions, 
   please see the device datasheet.



Data Sheet report:
-----------------
All values displayed in nanoseconds (ns)

Pad to Pad
---------------+---------------+---------+
Source Pad     |Destination Pad|  Delay  |
---------------+---------------+---------+
sw0            |a              |    7.714|
sw0            |b              |    8.031|
sw0            |c              |    7.828|
sw0            |d              |    7.859|
sw0            |e              |    7.282|
sw0            |f              |    7.459|
sw0            |g              |    7.379|
sw1            |a              |    7.609|
sw1            |b              |    7.836|
sw1            |c              |    7.633|
sw1            |d              |    7.754|
sw1            |e              |    7.317|
sw1            |f              |    7.655|
sw1            |g              |    7.575|
sw2            |a              |    7.492|
sw2            |b              |    7.695|
sw2            |c              |    7.492|
sw2            |d              |    7.637|
sw2            |e              |    7.334|
sw2            |f              |    7.644|
sw2            |g              |    7.564|
sw3            |a              |    8.222|
sw3            |b              |    8.259|
sw3            |c              |    8.056|
sw3            |d              |    8.367|
sw3            |f              |    7.772|
sw3            |g              |    7.692|
sw4            |AN0            |    7.299|
sw4            |AN1            |    7.959|
sw4            |AN2            |    8.228|
sw4            |AN3            |    8.067|
---------------+---------------+---------+


Analysis completed Wed Apr 09 18:30:53 2014 
--------------------------------------------------------------------------------

Trace Settings:
-------------------------
Trace Settings 

Peak Memory Usage: 218 MB



